-------------------------------------------------------------------------------
Test set: cucumber.Options.TestRunner
-------------------------------------------------------------------------------
Tests run: 6, Failures: 0, Errors: 1, Skipped: 0, Time elapsed: 6.062 s <<< FAILURE! -- in cucumber.Options.TestRunner
Validating Ecom API;s.Delete categories -- Time elapsed: 0.024 s <<< ERROR!
java.lang.NullPointerException: Cannot invoke "io.restassured.response.Response.getStatusCode()" because "this.responsecat" is null
	at StepDefinations.StepDefinations.api_call_is_success_with_status_code(StepDefinations.java:73)
	at ✽.API call is success with status code 200(file:///C:/Users/gopik/eclipse-workspace/E2E_Framework/src/test/java/features/ecomAPI.feature:17)

