<?xml version="1.0" encoding="UTF-8"?>
<testsuite xmlns:xsi="http://www.w3.org/2001/XMLSchema-instance" xsi:noNamespaceSchemaLocation="https://maven.apache.org/surefire/maven-surefire-plugin/xsd/surefire-test-report-3.0.xsd" version="3.0" name="cucumber.Options.TestRunner" time="6.062" tests="6" errors="1" skipped="0" failures="0">
  <properties>
[...]
</properties>
  <testcase name="Get all Categories" classname="Validating Ecom API;s" time="3.508">
    <system-out><![CDATA[HTTP/1.1 200 OK
Server: Cowboy
Report-To: {"group":"heroku-nel","max_age":3600,"endpoints":[{"url":"https://nel.heroku.com/reports?ts=1734569110&sid=c46efe9b-d3d2-4a0c-8c76-bfafa16c5add&s=TsirH%2FpvbCcaXtPPainlVWAh2kYuq1oZUnXFnIGuFz0%3D"}]}
Reporting-Endpoints: heroku-nel=https://nel.heroku.com/reports?ts=1734569110&sid=c46efe9b-d3d2-4a0c-8c76-bfafa16c5add&s=TsirH%2FpvbCcaXtPPainlVWAh2kYuq1oZUnXFnIGuFz0%3D
Nel: {"report_to":"heroku-nel","max_age":3600,"success_fraction":0.005,"failure_fraction":0.05,"response_headers":["Via"]}
Connection: keep-alive
X-Powered-By: Express
Access-Control-Allow-Origin: *
Content-Type: application/json; charset=utf-8
Content-Length: 4196
Etag: W/"1064-vjJzEF8GOqhNaol/a+W2cGzO+Zw"
Date: Thu, 19 Dec 2024 00:45:11 GMT
Via: 1.1 vegur

[
    {
        "id": 2,
        "name": "Electronics",
        "image": "https://i.imgur.com/ZANVnHE.jpeg",
        "creationAt": "2024-12-18T10:10:34.000Z",
        "updatedAt": "2024-12-18T10:10:34.000Z"
    },
    {
        "id": 3,
        "name": "Change title",
        "image": "https://i.imgur.com/Qphac99.jpeg",
        "creationAt": "2024-12-18T10:10:34.000Z",
        "updatedAt": "2024-12-18T10:33:27.000Z"
    },
    {
        "id": 4,
        "name": "Shoes",
        "image": "https://i.imgur.com/qNOjJje.jpeg",
        "creationAt": "2024-12-18T10:10:34.000Z",
        "updatedAt": "2024-12-18T10:10:34.000Z"
    },
    {
        "id": 5,
        "name": "Miscellaneous",
        "image": "https://i.imgur.com/BG8J0Fj.jpg",
        "creationAt": "2024-12-18T10:10:34.000Z",
        "updatedAt": "2024-12-18T10:10:34.000Z"
    },
    {
        "id": 16,
        "name": "Cosmetics",
        "image": "https://www.levelshoes.com/media/catalog/product/cache/d6b308721eea44dce854000e2ac7b2ba/5/2/528892drw009522_1.jpg",
        "creationAt": "2024-12-18T11:43:21.000Z",
        "updatedAt": "2024-12-18T11:43:21.000Z"
    },
    {
        "id": 46,
        "name": "Watch",
        "image": "https://i.imgur.com/QkIa5tT.jpeg",
        "creationAt": "2024-12-18T18:48:22.000Z",
        "updatedAt": "2024-12-18T18:48:22.000Z"
    },
    {
        "id": 47,
        "name": "Watch",
        "image": "https://i.imgur.com/QkIa5tT.jpeg",
        "creationAt": "2024-12-18T19:02:28.000Z",
        "updatedAt": "2024-12-18T19:02:28.000Z"
    },
    {
        "id": 53,
        "name": "Watch",
        "image": "https://i.imgur.com/QkIa5tT.jpeg",
        "creationAt": "2024-12-18T19:05:51.000Z",
        "updatedAt": "2024-12-18T19:05:51.000Z"
    },
    {
        "id": 54,
        "name": "Watch",
        "image": "https://i.imgur.com/QkIa5tT.jpeg",
        "creationAt": "2024-12-18T19:15:30.000Z",
        "updatedAt": "2024-12-18T19:15:30.000Z"
    },
    {
        "id": 55,
        "name": "Clothes",
        "image": "https://i.imgur.com/ZANVnHE.jpeg",
        "creationAt": "2024-12-18T19:17:02.000Z",
        "updatedAt": "2024-12-18T19:17:02.000Z"
    },
    {
        "id": 56,
        "name": "Chanclas",
        "image": "https://i.imgur.com/ZANVnHE.jpeg",
        "creationAt": "2024-12-18T19:19:35.000Z",
        "updatedAt": "2024-12-18T19:19:35.000Z"
    },
    {
        "id": 58,
        "name": "Rustic Marble Car",
        "image": "http://lorempixel.com/640/480/business/",
        "creationAt": "2024-12-18T20:23:27.000Z",
        "updatedAt": "2024-12-18T20:23:27.000Z"
    },
    {
        "id": 59,
        "name": "Durable Wool Clock",
        "image": "http://lorempixel.com/720/348/food/",
        "creationAt": "2024-12-18T20:25:39.000Z",
        "updatedAt": "2024-12-18T20:25:39.000Z"
    },
    {
        "id": 60,
        "name": "Fantastic Bronze Car",
        "image": "http://lorempixel.com/g/1024/768/abstract/",
        "creationAt": "2024-12-18T20:26:28.000Z",
        "updatedAt": "2024-12-18T20:26:28.000Z"
    },
    {
        "id": 61,
        "name": "Fantastic Marble Pants",
        "image": "http://lorempixel.com/g/1920/1200/nature/",
        "creationAt": "2024-12-18T20:32:15.000Z",
        "updatedAt": "2024-12-18T20:32:15.000Z"
    },
    {
        "id": 62,
        "name": "Mediocre Marble Wallet",
        "image": "http://lorempixel.com/640/480/nightlife/",
        "creationAt": "2024-12-18T20:35:46.000Z",
        "updatedAt": "2024-12-18T20:35:46.000Z"
    },
    {
        "id": 67,
        "name": "Electronics",
        "image": "https://i.pravatar.cc/300",
        "creationAt": "2024-12-18T22:00:18.000Z",
        "updatedAt": "2024-12-18T22:00:18.000Z"
    },
    {
        "id": 68,
        "name": "string",
        "image": "https://pravatar.cc/",
        "creationAt": "2024-12-18T22:04:27.000Z",
        "updatedAt": "2024-12-18T22:04:27.000Z"
    },
    {
        "id": 69,
        "name": "category_B",
        "image": "https://pravatar.cc/",
        "creationAt": "2024-12-18T22:05:00.000Z",
        "updatedAt": "2024-12-18T22:05:00.000Z"
    },
    {
        "id": 70,
        "name": "string",
        "image": "https://pravatar.cc/",
        "creationAt": "2024-12-18T22:05:00.000Z",
        "updatedAt": "2024-12-18T22:05:00.000Z"
    },
    {
        "id": 71,
        "name": "blush",
        "image": "https://sdcdn.io/mac/ae/mac_sku_M22011_1x1_0.png?width=1080&height=1080",
        "creationAt": "2024-12-18T22:06:32.000Z",
        "updatedAt": "2024-12-18T22:06:33.000Z"
    },
    {
        "id": 83,
        "name": "Watch",
        "image": "https://i.imgur.com/QkIa5tT.jpeg",
        "creationAt": "2024-12-19T00:22:45.000Z",
        "updatedAt": "2024-12-19T00:22:45.000Z"
    },
    {
        "id": 84,
        "name": "Watch",
        "image": "https://i.imgur.com/QkIa5tT.jpeg",
        "creationAt": "2024-12-19T00:24:54.000Z",
        "updatedAt": "2024-12-19T00:24:54.000Z"
    },
    {
        "id": 85,
        "name": "Watch",
        "image": "https://i.imgur.com/QkIa5tT.jpeg",
        "creationAt": "2024-12-19T00:25:31.000Z",
        "updatedAt": "2024-12-19T00:25:31.000Z"
    },
    {
        "id": 86,
        "name": "Watch",
        "image": "https://i.imgur.com/QkIa5tT.jpeg",
        "creationAt": "2024-12-19T00:26:35.000Z",
        "updatedAt": "2024-12-19T00:26:35.000Z"
    },
    {
        "id": 87,
        "name": "Watch",
        "image": "https://i.imgur.com/QkIa5tT.jpeg",
        "creationAt": "2024-12-19T00:27:49.000Z",
        "updatedAt": "2024-12-19T00:27:49.000Z"
    },
    {
        "id": 88,
        "name": "Watch",
        "image": "https://i.imgur.com/QkIa5tT.jpeg",
        "creationAt": "2024-12-19T00:28:40.000Z",
        "updatedAt": "2024-12-19T00:28:40.000Z"
    }
]
[]
[]
]]></system-out>
  </testcase>
  <testcase name="Verify Create category" classname="Validating Ecom API;s" time="1.105">
    <system-out><![CDATA[[]
HTTP/1.1 201 Created
Server: Cowboy
Report-To: {"group":"heroku-nel","max_age":3600,"endpoints":[{"url":"https://nel.heroku.com/reports?ts=1734569112&sid=c46efe9b-d3d2-4a0c-8c76-bfafa16c5add&s=uEiblDUd0CVchodvR0LOFlxAeiuYQjuw7wwY7uIk93s%3D"}]}
Reporting-Endpoints: heroku-nel=https://nel.heroku.com/reports?ts=1734569112&sid=c46efe9b-d3d2-4a0c-8c76-bfafa16c5add&s=uEiblDUd0CVchodvR0LOFlxAeiuYQjuw7wwY7uIk93s%3D
Nel: {"report_to":"heroku-nel","max_age":3600,"success_fraction":0.005,"failure_fraction":0.05,"response_headers":["Via"]}
Connection: keep-alive
X-Powered-By: Express
Access-Control-Allow-Origin: *
Content-Type: application/json; charset=utf-8
Content-Length: 146
Etag: W/"92-Mr3ixJNJ/Q1uPhdlJV3vfo4eTJ8"
Date: Thu, 19 Dec 2024 00:45:12 GMT
Via: 1.1 vegur

{
    "name": "Watch",
    "image": "https://i.imgur.com/QkIa5tT.jpeg",
    "id": 89,
    "creationAt": "2024-12-19T00:45:12.000Z",
    "updatedAt": "2024-12-19T00:45:12.000Z"
}
Watch
]]></system-out>
  </testcase>
  <testcase name="Delete categories" classname="Validating Ecom API;s" time="0.024">
    <error message="Cannot invoke &quot;io.restassured.response.Response.getStatusCode()&quot; because &quot;this.responsecat&quot; is null" type="java.lang.NullPointerException"><![CDATA[java.lang.NullPointerException: Cannot invoke "io.restassured.response.Response.getStatusCode()" because "this.responsecat" is null
	at StepDefinations.StepDefinations.api_call_is_success_with_status_code(StepDefinations.java:73)
	at ✽.API call is success with status code 200(file:///C:/Users/gopik/eclipse-workspace/E2E_Framework/src/test/java/features/ecomAPI.feature:17)
]]></error>
    <system-out><![CDATA[[]
]]></system-out>
  </testcase>
  <testcase name="Create Product #1" classname="Validating Ecom API;s" time="0.167">
    <system-out><![CDATA[HTTP/1.1 201 Created
Server: Cowboy
Report-To: {"group":"heroku-nel","max_age":3600,"endpoints":[{"url":"https://nel.heroku.com/reports?ts=1734569113&sid=c46efe9b-d3d2-4a0c-8c76-bfafa16c5add&s=wyrASdUdbtkev5GWeHIWMFZaLaOWrtrnb6q0yvMpiDA%3D"}]}
Reporting-Endpoints: heroku-nel=https://nel.heroku.com/reports?ts=1734569113&sid=c46efe9b-d3d2-4a0c-8c76-bfafa16c5add&s=wyrASdUdbtkev5GWeHIWMFZaLaOWrtrnb6q0yvMpiDA%3D
Nel: {"report_to":"heroku-nel","max_age":3600,"success_fraction":0.005,"failure_fraction":0.05,"response_headers":["Via"]}
Connection: keep-alive
X-Powered-By: Express
Access-Control-Allow-Origin: *
Content-Type: application/json; charset=utf-8
Content-Length: 411
Etag: W/"19b-U6UUoLxFiKH40lAjt0/wUyOUjmI"
Date: Thu, 19 Dec 2024 00:45:13 GMT
Via: 1.1 vegur

{
    "title": "Product A",
    "price": 23,
    "description": "This is the first product",
    "images": [
        "[\"https://i.imgur.com/yVeIeDa.jpeg\"",
        "\"https://placeimg.com/640/480/any\"]"
    ],
    "category": {
        "id": 89,
        "name": "Watch",
        "image": "https://i.imgur.com/QkIa5tT.jpeg",
        "creationAt": "2024-12-19T00:45:12.000Z",
        "updatedAt": "2024-12-19T00:45:12.000Z"
    },
    "id": 199,
    "creationAt": "2024-12-19T00:45:13.000Z",
    "updatedAt": "2024-12-19T00:45:13.000Z"
}
]]></system-out>
  </testcase>
  <testcase name="Create Product #2" classname="Validating Ecom API;s" time="0.153">
    <system-out><![CDATA[HTTP/1.1 201 Created
Server: Cowboy
Report-To: {"group":"heroku-nel","max_age":3600,"endpoints":[{"url":"https://nel.heroku.com/reports?ts=1734569113&sid=c46efe9b-d3d2-4a0c-8c76-bfafa16c5add&s=wyrASdUdbtkev5GWeHIWMFZaLaOWrtrnb6q0yvMpiDA%3D"}]}
Reporting-Endpoints: heroku-nel=https://nel.heroku.com/reports?ts=1734569113&sid=c46efe9b-d3d2-4a0c-8c76-bfafa16c5add&s=wyrASdUdbtkev5GWeHIWMFZaLaOWrtrnb6q0yvMpiDA%3D
Nel: {"report_to":"heroku-nel","max_age":3600,"success_fraction":0.005,"failure_fraction":0.05,"response_headers":["Via"]}
Connection: keep-alive
X-Powered-By: Express
Access-Control-Allow-Origin: *
Content-Type: application/json; charset=utf-8
Content-Length: 412
Etag: W/"19c-sm7NIqCrV02IGlawEKixX1XMtTU"
Date: Thu, 19 Dec 2024 00:45:13 GMT
Via: 1.1 vegur

{
    "title": "Product B",
    "price": 23,
    "description": "This is the second product",
    "images": [
        "[\"https://i.imgur.com/yVeIeDa.jpeg\"",
        "\"https://placeimg.com/640/480/any\"]"
    ],
    "category": {
        "id": 89,
        "name": "Watch",
        "image": "https://i.imgur.com/QkIa5tT.jpeg",
        "creationAt": "2024-12-19T00:45:12.000Z",
        "updatedAt": "2024-12-19T00:45:12.000Z"
    },
    "id": 200,
    "creationAt": "2024-12-19T00:45:13.000Z",
    "updatedAt": "2024-12-19T00:45:13.000Z"
}
]]></system-out>
  </testcase>
  <testcase name="Create Product #3" classname="Validating Ecom API;s" time="0.164">
    <system-out><![CDATA[HTTP/1.1 201 Created
Server: Cowboy
Report-To: {"group":"heroku-nel","max_age":3600,"endpoints":[{"url":"https://nel.heroku.com/reports?ts=1734569113&sid=c46efe9b-d3d2-4a0c-8c76-bfafa16c5add&s=wyrASdUdbtkev5GWeHIWMFZaLaOWrtrnb6q0yvMpiDA%3D"}]}
Reporting-Endpoints: heroku-nel=https://nel.heroku.com/reports?ts=1734569113&sid=c46efe9b-d3d2-4a0c-8c76-bfafa16c5add&s=wyrASdUdbtkev5GWeHIWMFZaLaOWrtrnb6q0yvMpiDA%3D
Nel: {"report_to":"heroku-nel","max_age":3600,"success_fraction":0.005,"failure_fraction":0.05,"response_headers":["Via"]}
Connection: keep-alive
X-Powered-By: Express
Access-Control-Allow-Origin: *
Content-Type: application/json; charset=utf-8
Content-Length: 411
Etag: W/"19b-3FPKqVGikhLjRLc9PyyFVlTrpe8"
Date: Thu, 19 Dec 2024 00:45:13 GMT
Via: 1.1 vegur

{
    "title": "Product C",
    "price": 23,
    "description": "This is the third product",
    "images": [
        "[\"https://i.imgur.com/yVeIeDa.jpeg\"",
        "\"https://placeimg.com/640/480/any\"]"
    ],
    "category": {
        "id": 89,
        "name": "Watch",
        "image": "https://i.imgur.com/QkIa5tT.jpeg",
        "creationAt": "2024-12-19T00:45:12.000Z",
        "updatedAt": "2024-12-19T00:45:12.000Z"
    },
    "id": 201,
    "creationAt": "2024-12-19T00:45:13.000Z",
    "updatedAt": "2024-12-19T00:45:13.000Z"
}
]]></system-out>
  </testcase>
</testsuite>