<?xml version="1.0" encoding="UTF-8"?>
<testsuite xmlns:xsi="http://www.w3.org/2001/XMLSchema-instance" xsi:noNamespaceSchemaLocation="https://maven.apache.org/surefire/maven-surefire-plugin/xsd/surefire-test-report-3.0.xsd" version="3.0" name="cucumber.Options.TestRunner" time="14.37" tests="5" errors="0" skipped="0" failures="0">
  <properties>
[...]
</properties>
  <testcase name="Get all Categories" classname="Validating Ecom API;s" time="8.785">
    <system-out><![CDATA[HTTP/1.1 200 OK
Server: Cowboy
Report-To: {"group":"heroku-nel","max_age":3600,"endpoints":[{"url":"https://nel.heroku.com/reports?ts=1739253049&sid=c46efe9b-d3d2-4a0c-8c76-bfafa16c5add&s=9iKcBcZ4jti7tXGaBC379BdDAMnHdlQdBbwNQiIK1sE%3D"}]}
Reporting-Endpoints: heroku-nel=https://nel.heroku.com/reports?ts=1739253049&sid=c46efe9b-d3d2-4a0c-8c76-bfafa16c5add&s=9iKcBcZ4jti7tXGaBC379BdDAMnHdlQdBbwNQiIK1sE%3D
Nel: {"report_to":"heroku-nel","max_age":3600,"success_fraction":0.005,"failure_fraction":0.05,"response_headers":["Via"]}
Connection: keep-alive
X-Powered-By: Express
Access-Control-Allow-Origin: *
Content-Type: application/json; charset=utf-8
Content-Length: 3376
Etag: W/"d30-tmvkKol+ZZZ1V6x2gFzLuGJNOJ0"
Date: Tue, 11 Feb 2025 05:50:49 GMT
Via: 1.1 vegur

[
    {
        "id": 1,
        "name": "Clothes",
        "image": "https://i.imgur.com/QkIa5tT.jpeg",
        "creationAt": "2025-02-10T16:50:00.000Z",
        "updatedAt": "2025-02-10T16:50:00.000Z"
    },
    {
        "id": 2,
        "name": "Celana Merah",
        "image": "https://iili.io/dAyUpkJ.jpg",
        "creationAt": "2025-02-10T16:50:00.000Z",
        "updatedAt": "2025-02-11T03:13:12.000Z"
    },
    {
        "id": 3,
        "name": "aaa",
        "image": "https://i.imgur.com/Qphac99.jpeg",
        "creationAt": "2025-02-10T16:50:00.000Z",
        "updatedAt": "2025-02-11T00:16:12.000Z"
    },
    {
        "id": 4,
        "name": "Shoes",
        "image": "https://i.imgur.com/qNOjJje.jpeg",
        "creationAt": "2025-02-10T16:50:00.000Z",
        "updatedAt": "2025-02-10T16:50:00.000Z"
    },
    {
        "id": 5,
        "name": "Miscellaneous",
        "image": "https://i.imgur.com/BG8J0Fj.jpg",
        "creationAt": "2025-02-10T16:50:00.000Z",
        "updatedAt": "2025-02-10T16:50:00.000Z"
    },
    {
        "id": 6,
        "name": "Testing Category",
        "image": "https://placeimg.com/640/480/any",
        "creationAt": "2025-02-10T17:01:36.000Z",
        "updatedAt": "2025-02-10T17:01:36.000Z"
    },
    {
        "id": 9,
        "name": "Rugs",
        "image": "https://www.ikea.com/us/en/images/products/stoense-rug-low-pile-off-white__0893623_pe710401_s5.jpg?f=xl",
        "creationAt": "2025-02-10T19:49:16.000Z",
        "updatedAt": "2025-02-10T19:49:16.000Z"
    },
    {
        "id": 16,
        "name": "string",
        "image": "https://pravatar.cc/",
        "creationAt": "2025-02-10T22:00:49.000Z",
        "updatedAt": "2025-02-10T22:00:49.000Z"
    },
    {
        "id": 18,
        "name": "blush",
        "image": "https://sdcdn.io/mac/ae/mac_sku_M22011_1x1_0.png?width=1080&height=1080",
        "creationAt": "2025-02-10T22:01:47.000Z",
        "updatedAt": "2025-02-10T22:01:47.000Z"
    },
    {
        "id": 23,
        "name": "Carnes",
        "image": "https://i.imgur.com/QkIa5tT.jpeg",
        "creationAt": "2025-02-10T23:18:31.000Z",
        "updatedAt": "2025-02-10T23:18:31.000Z"
    },
    {
        "id": 43,
        "name": "tablets",
        "image": "tablet.png",
        "creationAt": "2025-02-11T00:20:38.000Z",
        "updatedAt": "2025-02-11T00:20:38.000Z"
    },
    {
        "id": 45,
        "name": "hoal",
        "image": "https://club.involves.com/es/wp-content/uploads/2019/06/Header-Blog-Info-Ponto-Extra.png",
        "creationAt": "2025-02-11T01:01:26.000Z",
        "updatedAt": "2025-02-11T04:15:21.000Z"
    },
    {
        "id": 47,
        "name": "HumanosComoElAdrian",
        "image": "https://uvn-brightspot.s3.amazonaws.com/assets/vixes/btg/curiosidades.batanga.com/files/Por-que-los-humanos-tenemos-rostros-tan-diferentes-1.jpg",
        "creationAt": "2025-02-11T01:15:04.000Z",
        "updatedAt": "2025-02-11T01:15:04.000Z"
    },
    {
        "id": 48,
        "name": "Royal Items",
        "image": "https://i.imgur.com/QkIa5tT.jpeg",
        "creationAt": "2025-02-11T01:39:39.000Z",
        "updatedAt": "2025-02-11T01:39:39.000Z"
    },
    {
        "id": 56,
        "name": "Watch",
        "image": "https://i.imgur.com/QkIa5tT.jpeg",
        "creationAt": "2025-02-11T05:08:16.000Z",
        "updatedAt": "2025-02-11T05:08:16.000Z"
    },
    {
        "id": 57,
        "name": "Watch",
        "image": "https://i.imgur.com/QkIa5tT.jpeg",
        "creationAt": "2025-02-11T05:09:00.000Z",
        "updatedAt": "2025-02-11T05:09:00.000Z"
    },
    {
        "id": 58,
        "name": "Watch",
        "image": "https://i.imgur.com/QkIa5tT.jpeg",
        "creationAt": "2025-02-11T05:21:11.000Z",
        "updatedAt": "2025-02-11T05:21:11.000Z"
    },
    {
        "id": 59,
        "name": "Watch",
        "image": "https://i.imgur.com/QkIa5tT.jpeg",
        "creationAt": "2025-02-11T05:27:30.000Z",
        "updatedAt": "2025-02-11T05:27:30.000Z"
    },
    {
        "id": 60,
        "name": "Test Cat",
        "image": "https://i.imgur.com/QkIa5tT.jpeg",
        "creationAt": "2025-02-11T05:36:47.000Z",
        "updatedAt": "2025-02-11T05:36:47.000Z"
    },
    {
        "id": 61,
        "name": "Test Cat",
        "image": "https://i.imgur.com/QkIa5tT.jpeg",
        "creationAt": "2025-02-11T05:41:21.000Z",
        "updatedAt": "2025-02-11T05:41:21.000Z"
    },
    {
        "id": 62,
        "name": "Test Cat",
        "image": "https://i.imgur.com/QkIa5tT.jpeg",
        "creationAt": "2025-02-11T05:46:23.000Z",
        "updatedAt": "2025-02-11T05:46:23.000Z"
    }
]
[56, 57, 58, 59]
[56, 57, 58, 59]
]]></system-out>
  </testcase>
  <testcase name="Verify Create category" classname="Validating Ecom API;s" time="2.227">
    <system-out><![CDATA[[56, 57, 58, 59]
HTTP/1.1 201 Created
Server: Cowboy
Report-To: {"group":"heroku-nel","max_age":3600,"endpoints":[{"url":"https://nel.heroku.com/reports?ts=1739253052&sid=c46efe9b-d3d2-4a0c-8c76-bfafa16c5add&s=IXX1THXpSlDmxAR3eRy10pjnCvOBK0X%2Fa2cCwk9awjE%3D"}]}
Reporting-Endpoints: heroku-nel=https://nel.heroku.com/reports?ts=1739253052&sid=c46efe9b-d3d2-4a0c-8c76-bfafa16c5add&s=IXX1THXpSlDmxAR3eRy10pjnCvOBK0X%2Fa2cCwk9awjE%3D
Nel: {"report_to":"heroku-nel","max_age":3600,"success_fraction":0.005,"failure_fraction":0.05,"response_headers":["Via"]}
Connection: keep-alive
X-Powered-By: Express
Access-Control-Allow-Origin: *
Content-Type: application/json; charset=utf-8
Content-Length: 149
Etag: W/"95-+D9uR1A9nWpFU+N0gbzMvpfYfY8"
Date: Tue, 11 Feb 2025 05:50:52 GMT
Via: 1.1 vegur

{
    "name": "Test Cat",
    "image": "https://i.imgur.com/QkIa5tT.jpeg",
    "id": 63,
    "creationAt": "2025-02-11T05:50:52.000Z",
    "updatedAt": "2025-02-11T05:50:52.000Z"
}
Test Cat
]]></system-out>
  </testcase>
  <testcase name="Create Product #1" classname="Validating Ecom API;s" time="0.211">
    <system-out><![CDATA[HTTP/1.1 201 Created
Server: Cowboy
Report-To: {"group":"heroku-nel","max_age":3600,"endpoints":[{"url":"https://nel.heroku.com/reports?ts=1739253054&sid=c46efe9b-d3d2-4a0c-8c76-bfafa16c5add&s=4n2kqFVPuuWT1JM1oIwvUWN2%2FWsh5W5nBGm291RRIPk%3D"}]}
Reporting-Endpoints: heroku-nel=https://nel.heroku.com/reports?ts=1739253054&sid=c46efe9b-d3d2-4a0c-8c76-bfafa16c5add&s=4n2kqFVPuuWT1JM1oIwvUWN2%2FWsh5W5nBGm291RRIPk%3D
Nel: {"report_to":"heroku-nel","max_age":3600,"success_fraction":0.005,"failure_fraction":0.05,"response_headers":["Via"]}
Connection: keep-alive
X-Powered-By: Express
Access-Control-Allow-Origin: *
Content-Type: application/json; charset=utf-8
Content-Length: 414
Etag: W/"19e-JoifwjfCid+eH79lHolsPv8Vmcc"
Date: Tue, 11 Feb 2025 05:50:54 GMT
Via: 1.1 vegur

{
    "title": "Product A",
    "price": 23,
    "description": "This is the first product",
    "images": [
        "[\"https://i.imgur.com/yVeIeDa.jpeg\"",
        "\"https://placeimg.com/640/480/any\"]"
    ],
    "category": {
        "id": 63,
        "name": "Test Cat",
        "image": "https://i.imgur.com/QkIa5tT.jpeg",
        "creationAt": "2025-02-11T05:50:52.000Z",
        "updatedAt": "2025-02-11T05:50:52.000Z"
    },
    "id": 151,
    "creationAt": "2025-02-11T05:50:54.000Z",
    "updatedAt": "2025-02-11T05:50:54.000Z"
}
]]></system-out>
  </testcase>
  <testcase name="Create Product #2" classname="Validating Ecom API;s" time="0.173">
    <system-out><![CDATA[HTTP/1.1 201 Created
Server: Cowboy
Report-To: {"group":"heroku-nel","max_age":3600,"endpoints":[{"url":"https://nel.heroku.com/reports?ts=1739253054&sid=c46efe9b-d3d2-4a0c-8c76-bfafa16c5add&s=4n2kqFVPuuWT1JM1oIwvUWN2%2FWsh5W5nBGm291RRIPk%3D"}]}
Reporting-Endpoints: heroku-nel=https://nel.heroku.com/reports?ts=1739253054&sid=c46efe9b-d3d2-4a0c-8c76-bfafa16c5add&s=4n2kqFVPuuWT1JM1oIwvUWN2%2FWsh5W5nBGm291RRIPk%3D
Nel: {"report_to":"heroku-nel","max_age":3600,"success_fraction":0.005,"failure_fraction":0.05,"response_headers":["Via"]}
Connection: keep-alive
X-Powered-By: Express
Access-Control-Allow-Origin: *
Content-Type: application/json; charset=utf-8
Content-Length: 415
Etag: W/"19f-+zLLQ5LJme/jQxFhzRruNb9K+EM"
Date: Tue, 11 Feb 2025 05:50:54 GMT
Via: 1.1 vegur

{
    "title": "Product B",
    "price": 23,
    "description": "This is the second product",
    "images": [
        "[\"https://i.imgur.com/yVeIeDa.jpeg\"",
        "\"https://placeimg.com/640/480/any\"]"
    ],
    "category": {
        "id": 63,
        "name": "Test Cat",
        "image": "https://i.imgur.com/QkIa5tT.jpeg",
        "creationAt": "2025-02-11T05:50:52.000Z",
        "updatedAt": "2025-02-11T05:50:52.000Z"
    },
    "id": 152,
    "creationAt": "2025-02-11T05:50:54.000Z",
    "updatedAt": "2025-02-11T05:50:54.000Z"
}
]]></system-out>
  </testcase>
  <testcase name="Create Product #3" classname="Validating Ecom API;s" time="0.249">
    <system-out><![CDATA[HTTP/1.1 201 Created
Server: Cowboy
Report-To: {"group":"heroku-nel","max_age":3600,"endpoints":[{"url":"https://nel.heroku.com/reports?ts=1739253054&sid=c46efe9b-d3d2-4a0c-8c76-bfafa16c5add&s=4n2kqFVPuuWT1JM1oIwvUWN2%2FWsh5W5nBGm291RRIPk%3D"}]}
Reporting-Endpoints: heroku-nel=https://nel.heroku.com/reports?ts=1739253054&sid=c46efe9b-d3d2-4a0c-8c76-bfafa16c5add&s=4n2kqFVPuuWT1JM1oIwvUWN2%2FWsh5W5nBGm291RRIPk%3D
Nel: {"report_to":"heroku-nel","max_age":3600,"success_fraction":0.005,"failure_fraction":0.05,"response_headers":["Via"]}
Connection: keep-alive
X-Powered-By: Express
Access-Control-Allow-Origin: *
Content-Type: application/json; charset=utf-8
Content-Length: 414
Etag: W/"19e-FivGUINGY0AnKHb7NLlj2VROYYU"
Date: Tue, 11 Feb 2025 05:50:54 GMT
Via: 1.1 vegur

{
    "title": "Product C",
    "price": 23,
    "description": "This is the third product",
    "images": [
        "[\"https://i.imgur.com/yVeIeDa.jpeg\"",
        "\"https://placeimg.com/640/480/any\"]"
    ],
    "category": {
        "id": 63,
        "name": "Test Cat",
        "image": "https://i.imgur.com/QkIa5tT.jpeg",
        "creationAt": "2025-02-11T05:50:52.000Z",
        "updatedAt": "2025-02-11T05:50:52.000Z"
    },
    "id": 153,
    "creationAt": "2025-02-11T05:50:54.000Z",
    "updatedAt": "2025-02-11T05:50:54.000Z"
}
]]></system-out>
  </testcase>
</testsuite>